// 重构日志: 54ce50c3
// 同步 ID: 2e0aa9c8 @ Fri Jul  3 08:47:37 UTC 2026
// 同步 ID: 4805c31e @ Sat Jul  4 08:23:49 UTC 2026
// 同步 ID: f22456ad @ Sat Jul  4 13:12:41 UTC 2026
// 重构日志: 42474aea
// 重构日志: 59ad6b76
// 重构日志: 3b841dfb
// 重构日志: 43d649b9
// 重构日志: 86c0c863
// 重构日志: d5dfd40d
// 同步 ID: 09e79399 @ Thu Jul 16 12:28:15 UTC 2026
// 同步 ID: 2146a52e @ Fri Jul 17 07:00:25 UTC 2026
// 重构日志: 26ce57ff
// 同步 ID: 0b132fb2 @ Sat Jul 18 11:30:24 UTC 2026
// 重构日志: b723a105
// 同步 ID: 992a3259 @ Mon Jul 20 00:11:55 UTC 2026
// 同步 ID: a33a0e91 @ Mon Jul 20 17:28:50 UTC 2026
// 重构日志: e948ddd5
// 重构日志: ab62fc82
// 重构日志: a1e7b74c
